C:\ETHAN\DROPBOX\COMPUTER SCIENCE\ICS 462 AI FOR GAMES\SOFTWARE\A3\BZFLAG-2.4.2\MSVC\BUILD\ARES_WIN32_DEBUG\ARES.LIB
C:\ETHAN\DROPBOX\COMPUTER SCIENCE\ICS 462 AI FOR GAMES\SOFTWARE\A3\BZFLAG-2.4.2\MSVC\BUILD\ARES_WIN32_DEBUG\ARES__CLOSE_SOCKETS.OBJ
C:\ETHAN\DROPBOX\COMPUTER SCIENCE\ICS 462 AI FOR GAMES\SOFTWARE\A3\BZFLAG-2.4.2\MSVC\BUILD\ARES_WIN32_DEBUG\ARES__GET_HOSTENT.OBJ
C:\ETHAN\DROPBOX\COMPUTER SCIENCE\ICS 462 AI FOR GAMES\SOFTWARE\A3\BZFLAG-2.4.2\MSVC\BUILD\ARES_WIN32_DEBUG\ARES__READ_LINE.OBJ
C:\ETHAN\DROPBOX\COMPUTER SCIENCE\ICS 462 AI FOR GAMES\SOFTWARE\A3\BZFLAG-2.4.2\MSVC\BUILD\ARES_WIN32_DEBUG\ARES__TIMEVAL.OBJ
C:\ETHAN\DROPBOX\COMPUTER SCIENCE\ICS 462 AI FOR GAMES\SOFTWARE\A3\BZFLAG-2.4.2\MSVC\BUILD\ARES_WIN32_DEBUG\ARES_CANCEL.OBJ
C:\ETHAN\DROPBOX\COMPUTER SCIENCE\ICS 462 AI FOR GAMES\SOFTWARE\A3\BZFLAG-2.4.2\MSVC\BUILD\ARES_WIN32_DEBUG\ARES_DATA.OBJ
C:\ETHAN\DROPBOX\COMPUTER SCIENCE\ICS 462 AI FOR GAMES\SOFTWARE\A3\BZFLAG-2.4.2\MSVC\BUILD\ARES_WIN32_DEBUG\ARES_DESTROY.OBJ
C:\ETHAN\DROPBOX\COMPUTER SCIENCE\ICS 462 AI FOR GAMES\SOFTWARE\A3\BZFLAG-2.4.2\MSVC\BUILD\ARES_WIN32_DEBUG\ARES_EXPAND_NAME.OBJ
C:\ETHAN\DROPBOX\COMPUTER SCIENCE\ICS 462 AI FOR GAMES\SOFTWARE\A3\BZFLAG-2.4.2\MSVC\BUILD\ARES_WIN32_DEBUG\ARES_EXPAND_STRING.OBJ
C:\ETHAN\DROPBOX\COMPUTER SCIENCE\ICS 462 AI FOR GAMES\SOFTWARE\A3\BZFLAG-2.4.2\MSVC\BUILD\ARES_WIN32_DEBUG\ARES_FDS.OBJ
C:\ETHAN\DROPBOX\COMPUTER SCIENCE\ICS 462 AI FOR GAMES\SOFTWARE\A3\BZFLAG-2.4.2\MSVC\BUILD\ARES_WIN32_DEBUG\ARES_FREE_HOSTENT.OBJ
C:\ETHAN\DROPBOX\COMPUTER SCIENCE\ICS 462 AI FOR GAMES\SOFTWARE\A3\BZFLAG-2.4.2\MSVC\BUILD\ARES_WIN32_DEBUG\ARES_FREE_STRING.OBJ
C:\ETHAN\DROPBOX\COMPUTER SCIENCE\ICS 462 AI FOR GAMES\SOFTWARE\A3\BZFLAG-2.4.2\MSVC\BUILD\ARES_WIN32_DEBUG\ARES_GETHOSTBYADDR.OBJ
C:\ETHAN\DROPBOX\COMPUTER SCIENCE\ICS 462 AI FOR GAMES\SOFTWARE\A3\BZFLAG-2.4.2\MSVC\BUILD\ARES_WIN32_DEBUG\ARES_GETHOSTBYNAME.OBJ
C:\ETHAN\DROPBOX\COMPUTER SCIENCE\ICS 462 AI FOR GAMES\SOFTWARE\A3\BZFLAG-2.4.2\MSVC\BUILD\ARES_WIN32_DEBUG\ARES_GETOPT.OBJ
C:\ETHAN\DROPBOX\COMPUTER SCIENCE\ICS 462 AI FOR GAMES\SOFTWARE\A3\BZFLAG-2.4.2\MSVC\BUILD\ARES_WIN32_DEBUG\ARES_GETSOCK.OBJ
C:\ETHAN\DROPBOX\COMPUTER SCIENCE\ICS 462 AI FOR GAMES\SOFTWARE\A3\BZFLAG-2.4.2\MSVC\BUILD\ARES_WIN32_DEBUG\ARES_INIT.OBJ
C:\ETHAN\DROPBOX\COMPUTER SCIENCE\ICS 462 AI FOR GAMES\SOFTWARE\A3\BZFLAG-2.4.2\MSVC\BUILD\ARES_WIN32_DEBUG\ARES_LIBRARY_INIT.OBJ
C:\ETHAN\DROPBOX\COMPUTER SCIENCE\ICS 462 AI FOR GAMES\SOFTWARE\A3\BZFLAG-2.4.2\MSVC\BUILD\ARES_WIN32_DEBUG\ARES_LLIST.OBJ
C:\ETHAN\DROPBOX\COMPUTER SCIENCE\ICS 462 AI FOR GAMES\SOFTWARE\A3\BZFLAG-2.4.2\MSVC\BUILD\ARES_WIN32_DEBUG\ARES_MKQUERY.OBJ
C:\ETHAN\DROPBOX\COMPUTER SCIENCE\ICS 462 AI FOR GAMES\SOFTWARE\A3\BZFLAG-2.4.2\MSVC\BUILD\ARES_WIN32_DEBUG\ARES_NOWARN.OBJ
C:\ETHAN\DROPBOX\COMPUTER SCIENCE\ICS 462 AI FOR GAMES\SOFTWARE\A3\BZFLAG-2.4.2\MSVC\BUILD\ARES_WIN32_DEBUG\ARES_OPTIONS.OBJ
C:\ETHAN\DROPBOX\COMPUTER SCIENCE\ICS 462 AI FOR GAMES\SOFTWARE\A3\BZFLAG-2.4.2\MSVC\BUILD\ARES_WIN32_DEBUG\ARES_PARSE_A_REPLY.OBJ
C:\ETHAN\DROPBOX\COMPUTER SCIENCE\ICS 462 AI FOR GAMES\SOFTWARE\A3\BZFLAG-2.4.2\MSVC\BUILD\ARES_WIN32_DEBUG\ARES_PARSE_AAAA_REPLY.OBJ
C:\ETHAN\DROPBOX\COMPUTER SCIENCE\ICS 462 AI FOR GAMES\SOFTWARE\A3\BZFLAG-2.4.2\MSVC\BUILD\ARES_WIN32_DEBUG\ARES_PARSE_PTR_REPLY.OBJ
C:\ETHAN\DROPBOX\COMPUTER SCIENCE\ICS 462 AI FOR GAMES\SOFTWARE\A3\BZFLAG-2.4.2\MSVC\BUILD\ARES_WIN32_DEBUG\ARES_PARSE_SRV_REPLY.OBJ
C:\ETHAN\DROPBOX\COMPUTER SCIENCE\ICS 462 AI FOR GAMES\SOFTWARE\A3\BZFLAG-2.4.2\MSVC\BUILD\ARES_WIN32_DEBUG\ARES_PARSE_TXT_REPLY.OBJ
C:\ETHAN\DROPBOX\COMPUTER SCIENCE\ICS 462 AI FOR GAMES\SOFTWARE\A3\BZFLAG-2.4.2\MSVC\BUILD\ARES_WIN32_DEBUG\ARES_PROCESS.OBJ
C:\ETHAN\DROPBOX\COMPUTER SCIENCE\ICS 462 AI FOR GAMES\SOFTWARE\A3\BZFLAG-2.4.2\MSVC\BUILD\ARES_WIN32_DEBUG\ARES_QUERY.OBJ
C:\ETHAN\DROPBOX\COMPUTER SCIENCE\ICS 462 AI FOR GAMES\SOFTWARE\A3\BZFLAG-2.4.2\MSVC\BUILD\ARES_WIN32_DEBUG\ARES_SEARCH.OBJ
C:\ETHAN\DROPBOX\COMPUTER SCIENCE\ICS 462 AI FOR GAMES\SOFTWARE\A3\BZFLAG-2.4.2\MSVC\BUILD\ARES_WIN32_DEBUG\ARES_SEND.OBJ
C:\ETHAN\DROPBOX\COMPUTER SCIENCE\ICS 462 AI FOR GAMES\SOFTWARE\A3\BZFLAG-2.4.2\MSVC\BUILD\ARES_WIN32_DEBUG\ARES_STRCASECMP.OBJ
C:\ETHAN\DROPBOX\COMPUTER SCIENCE\ICS 462 AI FOR GAMES\SOFTWARE\A3\BZFLAG-2.4.2\MSVC\BUILD\ARES_WIN32_DEBUG\ARES_STRDUP.OBJ
C:\ETHAN\DROPBOX\COMPUTER SCIENCE\ICS 462 AI FOR GAMES\SOFTWARE\A3\BZFLAG-2.4.2\MSVC\BUILD\ARES_WIN32_DEBUG\ARES_STRERROR.OBJ
C:\ETHAN\DROPBOX\COMPUTER SCIENCE\ICS 462 AI FOR GAMES\SOFTWARE\A3\BZFLAG-2.4.2\MSVC\BUILD\ARES_WIN32_DEBUG\ARES_TIMEOUT.OBJ
C:\ETHAN\DROPBOX\COMPUTER SCIENCE\ICS 462 AI FOR GAMES\SOFTWARE\A3\BZFLAG-2.4.2\MSVC\BUILD\ARES_WIN32_DEBUG\ARES_VERSION.OBJ
C:\ETHAN\DROPBOX\COMPUTER SCIENCE\ICS 462 AI FOR GAMES\SOFTWARE\A3\BZFLAG-2.4.2\MSVC\BUILD\ARES_WIN32_DEBUG\ARES_WRITEV.OBJ
C:\ETHAN\DROPBOX\COMPUTER SCIENCE\ICS 462 AI FOR GAMES\SOFTWARE\A3\BZFLAG-2.4.2\MSVC\BUILD\ARES_WIN32_DEBUG\BITNCMP.OBJ
C:\Ethan\Dropbox\Computer Science\ICS 462 AI for Games\Software\A3\bzflag-2.4.2\MSVC\build\ares_Win32_Debug\cl.command.1.tlog
C:\Ethan\Dropbox\Computer Science\ICS 462 AI for Games\Software\A3\bzflag-2.4.2\MSVC\build\ares_Win32_Debug\CL.read.1.tlog
C:\Ethan\Dropbox\Computer Science\ICS 462 AI for Games\Software\A3\bzflag-2.4.2\MSVC\build\ares_Win32_Debug\CL.write.1.tlog
C:\ETHAN\DROPBOX\COMPUTER SCIENCE\ICS 462 AI FOR GAMES\SOFTWARE\A3\BZFLAG-2.4.2\MSVC\BUILD\ARES_WIN32_DEBUG\INET_NET_PTON.OBJ
C:\Ethan\Dropbox\Computer Science\ICS 462 AI for Games\Software\A3\bzflag-2.4.2\MSVC\build\ares_Win32_Debug\lib.command.1.tlog
C:\Ethan\Dropbox\Computer Science\ICS 462 AI for Games\Software\A3\bzflag-2.4.2\MSVC\build\ares_Win32_Debug\Lib-link.read.1.tlog
C:\Ethan\Dropbox\Computer Science\ICS 462 AI for Games\Software\A3\bzflag-2.4.2\MSVC\build\ares_Win32_Debug\Lib-link.write.1.tlog
C:\Ethan\Dropbox\Computer Science\ICS 462 AI for Games\Software\A3\bzflag-2.4.2\MSVC\build\ares_Win32_Debug\vc100.idb
C:\ETHAN\DROPBOX\COMPUTER SCIENCE\ICS 462 AI FOR GAMES\SOFTWARE\A3\BZFLAG-2.4.2\MSVC\BUILD\ARES_WIN32_DEBUG\VC100.PDB
C:\ETHAN\DROPBOX\COMPUTER SCIENCE\ICS 462 AI FOR GAMES\SOFTWARE\A3\BZFLAG-2.4.2\MSVC\BUILD\ARES_WIN32_DEBUG\WINDOWS_PORT.OBJ
