  VotingArbiter.cxx
  TextureMatrix.cxx
  StartupInfo.cxx
  ServerListCache.cxx
  ServerList.cxx
  ServerItem.cxx
  Ray.cxx
  PlayerInfo.cxx
  PhysicsDriver.cxx
  NetHandler.cxx
  MeshTransform.cxx
  LinkManager.cxx
  LagInfo.cxx
  Intersect.cxx
  Frustum.cxx
  DynamicColor.cxx
  DirectoryNames.cxx
  CommandsStandard.cxx
  CollisionManager.cxx
  CacheManager.cxx
  Generating Code...
  Compiling...
  BzMaterial.cxx
  Generating Code...
  game.vcxproj -> C:\Ethan\Dropbox\Computer Science\ICS 462 AI for Games\Software\ShootOut\git\bzflag\MSVC\build\./game_Win32_Debug\game.lib
