bzflag_Win32_Debug\bzflag.ilk
bzflag_Win32_Debug\bzflag.pdb
C:\Ethan\Dropbox\Computer Science\ICS 462 AI for Games\Software\A3\bzflag-2.4.2\MSVC\build\bzflag_Win32_Debug\ActionBinding.obj
C:\Ethan\Dropbox\Computer Science\ICS 462 AI for Games\Software\A3\bzflag-2.4.2\MSVC\build\bzflag_Win32_Debug\AudioMenu.obj
C:\ETHAN\DROPBOX\COMPUTER SCIENCE\ICS 462 AI FOR GAMES\SOFTWARE\A3\BZFLAG-2.4.2\MSVC\BUILD\BZFLAG_WIN32_DEBUG\AUTOPILOT.OBJ
C:\Ethan\Dropbox\Computer Science\ICS 462 AI for Games\Software\A3\bzflag-2.4.2\MSVC\build\bzflag_Win32_Debug\BackgroundRenderer.obj
C:\Ethan\Dropbox\Computer Science\ICS 462 AI for Games\Software\A3\bzflag-2.4.2\MSVC\build\bzflag_Win32_Debug\BaseLocalPlayer.obj
C:\Ethan\Dropbox\Computer Science\ICS 462 AI for Games\Software\A3\bzflag-2.4.2\MSVC\build\bzflag_Win32_Debug\BZDBLocal.obj
C:\ETHAN\DROPBOX\COMPUTER SCIENCE\ICS 462 AI FOR GAMES\SOFTWARE\A3\BZFLAG-2.4.2\MSVC\BUILD\BZFLAG_WIN32_DEBUG\BZFLAG.EXE
C:\ETHAN\DROPBOX\COMPUTER SCIENCE\ICS 462 AI FOR GAMES\SOFTWARE\A3\BZFLAG-2.4.2\MSVC\BUILD\BZFLAG_WIN32_DEBUG\BZFLAG.EXE.EMBED.MANIFEST
C:\ETHAN\DROPBOX\COMPUTER SCIENCE\ICS 462 AI FOR GAMES\SOFTWARE\A3\BZFLAG-2.4.2\MSVC\BUILD\BZFLAG_WIN32_DEBUG\BZFLAG.EXE.EMBED.MANIFEST.RES
C:\ETHAN\DROPBOX\COMPUTER SCIENCE\ICS 462 AI FOR GAMES\SOFTWARE\A3\BZFLAG-2.4.2\MSVC\BUILD\BZFLAG_WIN32_DEBUG\BZFLAG.EXE.INTERMEDIATE.MANIFEST
C:\ETHAN\DROPBOX\COMPUTER SCIENCE\ICS 462 AI FOR GAMES\SOFTWARE\A3\BZFLAG-2.4.2\MSVC\BUILD\BZFLAG_WIN32_DEBUG\BZFLAG.ILK
C:\Ethan\Dropbox\Computer Science\ICS 462 AI for Games\Software\A3\bzflag-2.4.2\MSVC\build\bzflag_Win32_Debug\bzflag.obj
C:\ETHAN\DROPBOX\COMPUTER SCIENCE\ICS 462 AI FOR GAMES\SOFTWARE\A3\BZFLAG-2.4.2\MSVC\BUILD\BZFLAG_WIN32_DEBUG\BZFLAG.PDB
C:\ETHAN\DROPBOX\COMPUTER SCIENCE\ICS 462 AI FOR GAMES\SOFTWARE\A3\BZFLAG-2.4.2\MSVC\BUILD\BZFLAG_WIN32_DEBUG\BZFLAG.RES
C:\Ethan\Dropbox\Computer Science\ICS 462 AI for Games\Software\A3\bzflag-2.4.2\MSVC\build\bzflag_Win32_Debug\bzflag.write.1.tlog
C:\Ethan\Dropbox\Computer Science\ICS 462 AI for Games\Software\A3\bzflag-2.4.2\MSVC\build\bzflag_Win32_Debug\bzflag_manifest.rc
C:\Ethan\Dropbox\Computer Science\ICS 462 AI for Games\Software\A3\bzflag-2.4.2\MSVC\build\bzflag_Win32_Debug\CacheMenu.obj
C:\Ethan\Dropbox\Computer Science\ICS 462 AI for Games\Software\A3\bzflag-2.4.2\MSVC\build\bzflag_Win32_Debug\callbacks.obj
C:\Ethan\Dropbox\Computer Science\ICS 462 AI for Games\Software\A3\bzflag-2.4.2\MSVC\build\bzflag_Win32_Debug\CL.11216.read.1.tlog
C:\Ethan\Dropbox\Computer Science\ICS 462 AI for Games\Software\A3\bzflag-2.4.2\MSVC\build\bzflag_Win32_Debug\CL.11216.write.1.tlog
C:\Ethan\Dropbox\Computer Science\ICS 462 AI for Games\Software\A3\bzflag-2.4.2\MSVC\build\bzflag_Win32_Debug\CL.11572.read.1.tlog
C:\Ethan\Dropbox\Computer Science\ICS 462 AI for Games\Software\A3\bzflag-2.4.2\MSVC\build\bzflag_Win32_Debug\CL.11572.write.1.tlog
C:\Ethan\Dropbox\Computer Science\ICS 462 AI for Games\Software\A3\bzflag-2.4.2\MSVC\build\bzflag_Win32_Debug\CL.11804.read.1.tlog
C:\Ethan\Dropbox\Computer Science\ICS 462 AI for Games\Software\A3\bzflag-2.4.2\MSVC\build\bzflag_Win32_Debug\CL.11804.write.1.tlog
C:\Ethan\Dropbox\Computer Science\ICS 462 AI for Games\Software\A3\bzflag-2.4.2\MSVC\build\bzflag_Win32_Debug\CL.12176.read.1.tlog
C:\Ethan\Dropbox\Computer Science\ICS 462 AI for Games\Software\A3\bzflag-2.4.2\MSVC\build\bzflag_Win32_Debug\CL.12176.write.1.tlog
C:\Ethan\Dropbox\Computer Science\ICS 462 AI for Games\Software\A3\bzflag-2.4.2\MSVC\build\bzflag_Win32_Debug\CL.13956.read.1.tlog
C:\Ethan\Dropbox\Computer Science\ICS 462 AI for Games\Software\A3\bzflag-2.4.2\MSVC\build\bzflag_Win32_Debug\CL.13956.write.1.tlog
C:\Ethan\Dropbox\Computer Science\ICS 462 AI for Games\Software\A3\bzflag-2.4.2\MSVC\build\bzflag_Win32_Debug\CL.3640.read.1.tlog
C:\Ethan\Dropbox\Computer Science\ICS 462 AI for Games\Software\A3\bzflag-2.4.2\MSVC\build\bzflag_Win32_Debug\CL.3640.write.1.tlog
C:\Ethan\Dropbox\Computer Science\ICS 462 AI for Games\Software\A3\bzflag-2.4.2\MSVC\build\bzflag_Win32_Debug\CL.4548.read.1.tlog
C:\Ethan\Dropbox\Computer Science\ICS 462 AI for Games\Software\A3\bzflag-2.4.2\MSVC\build\bzflag_Win32_Debug\CL.4548.write.1.tlog
C:\Ethan\Dropbox\Computer Science\ICS 462 AI for Games\Software\A3\bzflag-2.4.2\MSVC\build\bzflag_Win32_Debug\CL.7656.read.1.tlog
C:\Ethan\Dropbox\Computer Science\ICS 462 AI for Games\Software\A3\bzflag-2.4.2\MSVC\build\bzflag_Win32_Debug\CL.7656.write.1.tlog
C:\Ethan\Dropbox\Computer Science\ICS 462 AI for Games\Software\A3\bzflag-2.4.2\MSVC\build\bzflag_Win32_Debug\CL.8836.read.1.tlog
C:\Ethan\Dropbox\Computer Science\ICS 462 AI for Games\Software\A3\bzflag-2.4.2\MSVC\build\bzflag_Win32_Debug\CL.8836.write.1.tlog
C:\Ethan\Dropbox\Computer Science\ICS 462 AI for Games\Software\A3\bzflag-2.4.2\MSVC\build\bzflag_Win32_Debug\CL.9184.read.1.tlog
C:\Ethan\Dropbox\Computer Science\ICS 462 AI for Games\Software\A3\bzflag-2.4.2\MSVC\build\bzflag_Win32_Debug\CL.9184.write.1.tlog
C:\Ethan\Dropbox\Computer Science\ICS 462 AI for Games\Software\A3\bzflag-2.4.2\MSVC\build\bzflag_Win32_Debug\CL.9200.read.1.tlog
C:\Ethan\Dropbox\Computer Science\ICS 462 AI for Games\Software\A3\bzflag-2.4.2\MSVC\build\bzflag_Win32_Debug\CL.9200.write.1.tlog
C:\Ethan\Dropbox\Computer Science\ICS 462 AI for Games\Software\A3\bzflag-2.4.2\MSVC\build\bzflag_Win32_Debug\CL.9996.read.1.tlog
C:\Ethan\Dropbox\Computer Science\ICS 462 AI for Games\Software\A3\bzflag-2.4.2\MSVC\build\bzflag_Win32_Debug\CL.9996.write.1.tlog
C:\Ethan\Dropbox\Computer Science\ICS 462 AI for Games\Software\A3\bzflag-2.4.2\MSVC\build\bzflag_Win32_Debug\cl.command.1.tlog
C:\Ethan\Dropbox\Computer Science\ICS 462 AI for Games\Software\A3\bzflag-2.4.2\MSVC\build\bzflag_Win32_Debug\CL.read.1.tlog
C:\Ethan\Dropbox\Computer Science\ICS 462 AI for Games\Software\A3\bzflag-2.4.2\MSVC\build\bzflag_Win32_Debug\cl.write.1.tlog
C:\ETHAN\DROPBOX\COMPUTER SCIENCE\ICS 462 AI FOR GAMES\SOFTWARE\A3\BZFLAG-2.4.2\MSVC\BUILD\BZFLAG_WIN32_DEBUG\CLIENTCOMMANDS.OBJ
C:\Ethan\Dropbox\Computer Science\ICS 462 AI for Games\Software\A3\bzflag-2.4.2\MSVC\build\bzflag_Win32_Debug\clientConfig.obj
C:\ETHAN\DROPBOX\COMPUTER SCIENCE\ICS 462 AI FOR GAMES\SOFTWARE\A3\BZFLAG-2.4.2\MSVC\BUILD\BZFLAG_WIN32_DEBUG\COMMANDSIMPLEMENTATION.OBJ
C:\Ethan\Dropbox\Computer Science\ICS 462 AI for Games\Software\A3\bzflag-2.4.2\MSVC\build\bzflag_Win32_Debug\ComposeDefaultKey.obj
C:\Ethan\Dropbox\Computer Science\ICS 462 AI for Games\Software\A3\bzflag-2.4.2\MSVC\build\bzflag_Win32_Debug\ControlPanel.obj
C:\Ethan\Dropbox\Computer Science\ICS 462 AI for Games\Software\A3\bzflag-2.4.2\MSVC\build\bzflag_Win32_Debug\daylight.obj
C:\ETHAN\DROPBOX\COMPUTER SCIENCE\ICS 462 AI FOR GAMES\SOFTWARE\A3\BZFLAG-2.4.2\MSVC\BUILD\BZFLAG_WIN32_DEBUG\DECTREE.OBJ
C:\Ethan\Dropbox\Computer Science\ICS 462 AI for Games\Software\A3\bzflag-2.4.2\MSVC\build\bzflag_Win32_Debug\defaultBZDB.obj
C:\Ethan\Dropbox\Computer Science\ICS 462 AI for Games\Software\A3\bzflag-2.4.2\MSVC\build\bzflag_Win32_Debug\DisplayMenu.obj
C:\Ethan\Dropbox\Computer Science\ICS 462 AI for Games\Software\A3\bzflag-2.4.2\MSVC\build\bzflag_Win32_Debug\Downloads.obj
C:\Ethan\Dropbox\Computer Science\ICS 462 AI for Games\Software\A3\bzflag-2.4.2\MSVC\build\bzflag_Win32_Debug\EffectsMenu.obj
C:\Ethan\Dropbox\Computer Science\ICS 462 AI for Games\Software\A3\bzflag-2.4.2\MSVC\build\bzflag_Win32_Debug\effectsRenderer.obj
C:\Ethan\Dropbox\Computer Science\ICS 462 AI for Games\Software\A3\bzflag-2.4.2\MSVC\build\bzflag_Win32_Debug\EntryZone.obj
C:\Ethan\Dropbox\Computer Science\ICS 462 AI for Games\Software\A3\bzflag-2.4.2\MSVC\build\bzflag_Win32_Debug\FlashClock.obj
C:\Ethan\Dropbox\Computer Science\ICS 462 AI for Games\Software\A3\bzflag-2.4.2\MSVC\build\bzflag_Win32_Debug\ForceFeedback.obj
C:\Ethan\Dropbox\Computer Science\ICS 462 AI for Games\Software\A3\bzflag-2.4.2\MSVC\build\bzflag_Win32_Debug\FormatMenu.obj
C:\ETHAN\DROPBOX\COMPUTER SCIENCE\ICS 462 AI FOR GAMES\SOFTWARE\A3\BZFLAG-2.4.2\MSVC\BUILD\BZFLAG_WIN32_DEBUG\GLEW.OBJ
C:\Ethan\Dropbox\Computer Science\ICS 462 AI for Games\Software\A3\bzflag-2.4.2\MSVC\build\bzflag_Win32_Debug\GuidedMissleStrategy.obj
C:\Ethan\Dropbox\Computer Science\ICS 462 AI for Games\Software\A3\bzflag-2.4.2\MSVC\build\bzflag_Win32_Debug\GUIOptionsMenu.obj
C:\Ethan\Dropbox\Computer Science\ICS 462 AI for Games\Software\A3\bzflag-2.4.2\MSVC\build\bzflag_Win32_Debug\HelpMenu.obj
C:\Ethan\Dropbox\Computer Science\ICS 462 AI for Games\Software\A3\bzflag-2.4.2\MSVC\build\bzflag_Win32_Debug\HUDDialog.obj
C:\Ethan\Dropbox\Computer Science\ICS 462 AI for Games\Software\A3\bzflag-2.4.2\MSVC\build\bzflag_Win32_Debug\HUDDialogStack.obj
C:\ETHAN\DROPBOX\COMPUTER SCIENCE\ICS 462 AI FOR GAMES\SOFTWARE\A3\BZFLAG-2.4.2\MSVC\BUILD\BZFLAG_WIN32_DEBUG\HUDRENDERER.OBJ
C:\Ethan\Dropbox\Computer Science\ICS 462 AI for Games\Software\A3\bzflag-2.4.2\MSVC\build\bzflag_Win32_Debug\HUDui.obj
C:\Ethan\Dropbox\Computer Science\ICS 462 AI for Games\Software\A3\bzflag-2.4.2\MSVC\build\bzflag_Win32_Debug\HUDuiControl.obj
C:\Ethan\Dropbox\Computer Science\ICS 462 AI for Games\Software\A3\bzflag-2.4.2\MSVC\build\bzflag_Win32_Debug\HUDuiDefaultKey.obj
C:\Ethan\Dropbox\Computer Science\ICS 462 AI for Games\Software\A3\bzflag-2.4.2\MSVC\build\bzflag_Win32_Debug\HUDuiLabel.obj
C:\Ethan\Dropbox\Computer Science\ICS 462 AI for Games\Software\A3\bzflag-2.4.2\MSVC\build\bzflag_Win32_Debug\HUDuiList.obj
C:\Ethan\Dropbox\Computer Science\ICS 462 AI for Games\Software\A3\bzflag-2.4.2\MSVC\build\bzflag_Win32_Debug\HUDuiTextureLabel.obj
C:\Ethan\Dropbox\Computer Science\ICS 462 AI for Games\Software\A3\bzflag-2.4.2\MSVC\build\bzflag_Win32_Debug\HUDuiTypeIn.obj
C:\Ethan\Dropbox\Computer Science\ICS 462 AI for Games\Software\A3\bzflag-2.4.2\MSVC\build\bzflag_Win32_Debug\InputMenu.obj
C:\Ethan\Dropbox\Computer Science\ICS 462 AI for Games\Software\A3\bzflag-2.4.2\MSVC\build\bzflag_Win32_Debug\JoinMenu.obj
C:\Ethan\Dropbox\Computer Science\ICS 462 AI for Games\Software\A3\bzflag-2.4.2\MSVC\build\bzflag_Win32_Debug\KeyboardMapMenu.obj
C:\Ethan\Dropbox\Computer Science\ICS 462 AI for Games\Software\A3\bzflag-2.4.2\MSVC\build\bzflag_Win32_Debug\link.10392.read.1.tlog
C:\Ethan\Dropbox\Computer Science\ICS 462 AI for Games\Software\A3\bzflag-2.4.2\MSVC\build\bzflag_Win32_Debug\link.10392.write.1.tlog
C:\Ethan\Dropbox\Computer Science\ICS 462 AI for Games\Software\A3\bzflag-2.4.2\MSVC\build\bzflag_Win32_Debug\link.10392-cvtres.read.1.tlog
C:\Ethan\Dropbox\Computer Science\ICS 462 AI for Games\Software\A3\bzflag-2.4.2\MSVC\build\bzflag_Win32_Debug\link.10392-cvtres.write.1.tlog
C:\Ethan\Dropbox\Computer Science\ICS 462 AI for Games\Software\A3\bzflag-2.4.2\MSVC\build\bzflag_Win32_Debug\link.1096.read.1.tlog
C:\Ethan\Dropbox\Computer Science\ICS 462 AI for Games\Software\A3\bzflag-2.4.2\MSVC\build\bzflag_Win32_Debug\link.1096.write.1.tlog
C:\Ethan\Dropbox\Computer Science\ICS 462 AI for Games\Software\A3\bzflag-2.4.2\MSVC\build\bzflag_Win32_Debug\link.1096-cvtres.read.1.tlog
C:\Ethan\Dropbox\Computer Science\ICS 462 AI for Games\Software\A3\bzflag-2.4.2\MSVC\build\bzflag_Win32_Debug\link.1096-cvtres.write.1.tlog
C:\Ethan\Dropbox\Computer Science\ICS 462 AI for Games\Software\A3\bzflag-2.4.2\MSVC\build\bzflag_Win32_Debug\link.12028.read.1.tlog
C:\Ethan\Dropbox\Computer Science\ICS 462 AI for Games\Software\A3\bzflag-2.4.2\MSVC\build\bzflag_Win32_Debug\link.12028.write.1.tlog
C:\Ethan\Dropbox\Computer Science\ICS 462 AI for Games\Software\A3\bzflag-2.4.2\MSVC\build\bzflag_Win32_Debug\link.12028-cvtres.read.1.tlog
C:\Ethan\Dropbox\Computer Science\ICS 462 AI for Games\Software\A3\bzflag-2.4.2\MSVC\build\bzflag_Win32_Debug\link.12028-cvtres.write.1.tlog
C:\Ethan\Dropbox\Computer Science\ICS 462 AI for Games\Software\A3\bzflag-2.4.2\MSVC\build\bzflag_Win32_Debug\link.4988.read.1.tlog
C:\Ethan\Dropbox\Computer Science\ICS 462 AI for Games\Software\A3\bzflag-2.4.2\MSVC\build\bzflag_Win32_Debug\link.4988.write.1.tlog
C:\Ethan\Dropbox\Computer Science\ICS 462 AI for Games\Software\A3\bzflag-2.4.2\MSVC\build\bzflag_Win32_Debug\link.4988-cvtres.read.1.tlog
C:\Ethan\Dropbox\Computer Science\ICS 462 AI for Games\Software\A3\bzflag-2.4.2\MSVC\build\bzflag_Win32_Debug\link.4988-cvtres.write.1.tlog
C:\Ethan\Dropbox\Computer Science\ICS 462 AI for Games\Software\A3\bzflag-2.4.2\MSVC\build\bzflag_Win32_Debug\link.7524.read.1.tlog
C:\Ethan\Dropbox\Computer Science\ICS 462 AI for Games\Software\A3\bzflag-2.4.2\MSVC\build\bzflag_Win32_Debug\link.7524.write.1.tlog
C:\Ethan\Dropbox\Computer Science\ICS 462 AI for Games\Software\A3\bzflag-2.4.2\MSVC\build\bzflag_Win32_Debug\link.7524-cvtres.read.1.tlog
C:\Ethan\Dropbox\Computer Science\ICS 462 AI for Games\Software\A3\bzflag-2.4.2\MSVC\build\bzflag_Win32_Debug\link.7524-cvtres.write.1.tlog
C:\Ethan\Dropbox\Computer Science\ICS 462 AI for Games\Software\A3\bzflag-2.4.2\MSVC\build\bzflag_Win32_Debug\link.8240.read.1.tlog
C:\Ethan\Dropbox\Computer Science\ICS 462 AI for Games\Software\A3\bzflag-2.4.2\MSVC\build\bzflag_Win32_Debug\link.8240.write.1.tlog
C:\Ethan\Dropbox\Computer Science\ICS 462 AI for Games\Software\A3\bzflag-2.4.2\MSVC\build\bzflag_Win32_Debug\link.8240-cvtres.read.1.tlog
C:\Ethan\Dropbox\Computer Science\ICS 462 AI for Games\Software\A3\bzflag-2.4.2\MSVC\build\bzflag_Win32_Debug\link.8240-cvtres.write.1.tlog
C:\Ethan\Dropbox\Computer Science\ICS 462 AI for Games\Software\A3\bzflag-2.4.2\MSVC\build\bzflag_Win32_Debug\link.8288.read.1.tlog
C:\Ethan\Dropbox\Computer Science\ICS 462 AI for Games\Software\A3\bzflag-2.4.2\MSVC\build\bzflag_Win32_Debug\link.8288.write.1.tlog
C:\Ethan\Dropbox\Computer Science\ICS 462 AI for Games\Software\A3\bzflag-2.4.2\MSVC\build\bzflag_Win32_Debug\link.8288-cvtres.read.1.tlog
C:\Ethan\Dropbox\Computer Science\ICS 462 AI for Games\Software\A3\bzflag-2.4.2\MSVC\build\bzflag_Win32_Debug\link.8288-cvtres.write.1.tlog
C:\Ethan\Dropbox\Computer Science\ICS 462 AI for Games\Software\A3\bzflag-2.4.2\MSVC\build\bzflag_Win32_Debug\link.command.1.tlog
C:\Ethan\Dropbox\Computer Science\ICS 462 AI for Games\Software\A3\bzflag-2.4.2\MSVC\build\bzflag_Win32_Debug\link.read.1.tlog
C:\Ethan\Dropbox\Computer Science\ICS 462 AI for Games\Software\A3\bzflag-2.4.2\MSVC\build\bzflag_Win32_Debug\link.write.1.tlog
C:\Ethan\Dropbox\Computer Science\ICS 462 AI for Games\Software\A3\bzflag-2.4.2\MSVC\build\bzflag_Win32_Debug\link-cvtres.read.1.tlog
C:\Ethan\Dropbox\Computer Science\ICS 462 AI for Games\Software\A3\bzflag-2.4.2\MSVC\build\bzflag_Win32_Debug\link-cvtres.write.1.tlog
C:\Ethan\Dropbox\Computer Science\ICS 462 AI for Games\Software\A3\bzflag-2.4.2\MSVC\build\bzflag_Win32_Debug\LocalCommand.obj
C:\Ethan\Dropbox\Computer Science\ICS 462 AI for Games\Software\A3\bzflag-2.4.2\MSVC\build\bzflag_Win32_Debug\LocalPlayer.obj
C:\Ethan\Dropbox\Computer Science\ICS 462 AI for Games\Software\A3\bzflag-2.4.2\MSVC\build\bzflag_Win32_Debug\MainMenu.obj
C:\Ethan\Dropbox\Computer Science\ICS 462 AI for Games\Software\A3\bzflag-2.4.2\MSVC\build\bzflag_Win32_Debug\MainWindow.obj
C:\Ethan\Dropbox\Computer Science\ICS 462 AI for Games\Software\A3\bzflag-2.4.2\MSVC\build\bzflag_Win32_Debug\MenuDefaultKey.obj
C:\Ethan\Dropbox\Computer Science\ICS 462 AI for Games\Software\A3\bzflag-2.4.2\MSVC\build\bzflag_Win32_Debug\motd.obj
C:\Ethan\Dropbox\Computer Science\ICS 462 AI for Games\Software\A3\bzflag-2.4.2\MSVC\build\bzflag_Win32_Debug\mt.command.1.tlog
C:\Ethan\Dropbox\Computer Science\ICS 462 AI for Games\Software\A3\bzflag-2.4.2\MSVC\build\bzflag_Win32_Debug\mt.read.1.tlog
C:\Ethan\Dropbox\Computer Science\ICS 462 AI for Games\Software\A3\bzflag-2.4.2\MSVC\build\bzflag_Win32_Debug\mt.write.1.tlog
C:\Ethan\Dropbox\Computer Science\ICS 462 AI for Games\Software\A3\bzflag-2.4.2\MSVC\build\bzflag_Win32_Debug\NewVersionMenu.obj
C:\Ethan\Dropbox\Computer Science\ICS 462 AI for Games\Software\A3\bzflag-2.4.2\MSVC\build\bzflag_Win32_Debug\OptionsMenu.obj
C:\ETHAN\DROPBOX\COMPUTER SCIENCE\ICS 462 AI FOR GAMES\SOFTWARE\A3\BZFLAG-2.4.2\MSVC\BUILD\BZFLAG_WIN32_DEBUG\PLAN.OBJ
C:\ETHAN\DROPBOX\COMPUTER SCIENCE\ICS 462 AI FOR GAMES\SOFTWARE\A3\BZFLAG-2.4.2\MSVC\BUILD\BZFLAG_WIN32_DEBUG\PLAYER.OBJ
C:\ETHAN\DROPBOX\COMPUTER SCIENCE\ICS 462 AI FOR GAMES\SOFTWARE\A3\BZFLAG-2.4.2\MSVC\BUILD\BZFLAG_WIN32_DEBUG\PLAYING.OBJ
C:\Ethan\Dropbox\Computer Science\ICS 462 AI for Games\Software\A3\bzflag-2.4.2\MSVC\build\bzflag_Win32_Debug\QuickKeysMenu.obj
C:\Ethan\Dropbox\Computer Science\ICS 462 AI for Games\Software\A3\bzflag-2.4.2\MSVC\build\bzflag_Win32_Debug\QuitMenu.obj
C:\Ethan\Dropbox\Computer Science\ICS 462 AI for Games\Software\A3\bzflag-2.4.2\MSVC\build\bzflag_Win32_Debug\RadarRenderer.obj
C:\Ethan\Dropbox\Computer Science\ICS 462 AI for Games\Software\A3\bzflag-2.4.2\MSVC\build\bzflag_Win32_Debug\rc.command.1.tlog
C:\Ethan\Dropbox\Computer Science\ICS 462 AI for Games\Software\A3\bzflag-2.4.2\MSVC\build\bzflag_Win32_Debug\rc.read.1.tlog
C:\Ethan\Dropbox\Computer Science\ICS 462 AI for Games\Software\A3\bzflag-2.4.2\MSVC\build\bzflag_Win32_Debug\rc.write.1.tlog
C:\Ethan\Dropbox\Computer Science\ICS 462 AI for Games\Software\A3\bzflag-2.4.2\MSVC\build\bzflag_Win32_Debug\Region.obj
C:\Ethan\Dropbox\Computer Science\ICS 462 AI for Games\Software\A3\bzflag-2.4.2\MSVC\build\bzflag_Win32_Debug\RegionPriorityQueue.obj
C:\Ethan\Dropbox\Computer Science\ICS 462 AI for Games\Software\A3\bzflag-2.4.2\MSVC\build\bzflag_Win32_Debug\RemotePlayer.obj
C:\ETHAN\DROPBOX\COMPUTER SCIENCE\ICS 462 AI FOR GAMES\SOFTWARE\A3\BZFLAG-2.4.2\MSVC\BUILD\BZFLAG_WIN32_DEBUG\ROAMING.OBJ
C:\ETHAN\DROPBOX\COMPUTER SCIENCE\ICS 462 AI FOR GAMES\SOFTWARE\A3\BZFLAG-2.4.2\MSVC\BUILD\BZFLAG_WIN32_DEBUG\ROBOTPLAYER.OBJ
C:\Ethan\Dropbox\Computer Science\ICS 462 AI for Games\Software\A3\bzflag-2.4.2\MSVC\build\bzflag_Win32_Debug\RoofTops.obj
C:\ETHAN\DROPBOX\COMPUTER SCIENCE\ICS 462 AI FOR GAMES\SOFTWARE\A3\BZFLAG-2.4.2\MSVC\BUILD\BZFLAG_WIN32_DEBUG\ROSTER.OBJ
C:\Ethan\Dropbox\Computer Science\ICS 462 AI for Games\Software\A3\bzflag-2.4.2\MSVC\build\bzflag_Win32_Debug\SaveWorldMenu.obj
C:\Ethan\Dropbox\Computer Science\ICS 462 AI for Games\Software\A3\bzflag-2.4.2\MSVC\build\bzflag_Win32_Debug\SceneBuilder.obj
C:\Ethan\Dropbox\Computer Science\ICS 462 AI for Games\Software\A3\bzflag-2.4.2\MSVC\build\bzflag_Win32_Debug\SceneRenderer.obj
C:\Ethan\Dropbox\Computer Science\ICS 462 AI for Games\Software\A3\bzflag-2.4.2\MSVC\build\bzflag_Win32_Debug\ScoreboardRenderer.obj
C:\Ethan\Dropbox\Computer Science\ICS 462 AI for Games\Software\A3\bzflag-2.4.2\MSVC\build\bzflag_Win32_Debug\SegmentedShotStrategy.obj
C:\Ethan\Dropbox\Computer Science\ICS 462 AI for Games\Software\A3\bzflag-2.4.2\MSVC\build\bzflag_Win32_Debug\ServerCommandKey.obj
C:\Ethan\Dropbox\Computer Science\ICS 462 AI for Games\Software\A3\bzflag-2.4.2\MSVC\build\bzflag_Win32_Debug\ServerLink.obj
C:\Ethan\Dropbox\Computer Science\ICS 462 AI for Games\Software\A3\bzflag-2.4.2\MSVC\build\bzflag_Win32_Debug\ServerListFilter.obj
C:\Ethan\Dropbox\Computer Science\ICS 462 AI for Games\Software\A3\bzflag-2.4.2\MSVC\build\bzflag_Win32_Debug\ServerMenu.obj
C:\Ethan\Dropbox\Computer Science\ICS 462 AI for Games\Software\A3\bzflag-2.4.2\MSVC\build\bzflag_Win32_Debug\ServerStartMenu.obj
C:\Ethan\Dropbox\Computer Science\ICS 462 AI for Games\Software\A3\bzflag-2.4.2\MSVC\build\bzflag_Win32_Debug\ShockWaveStrategy.obj
C:\Ethan\Dropbox\Computer Science\ICS 462 AI for Games\Software\A3\bzflag-2.4.2\MSVC\build\bzflag_Win32_Debug\ShotPath.obj
C:\Ethan\Dropbox\Computer Science\ICS 462 AI for Games\Software\A3\bzflag-2.4.2\MSVC\build\bzflag_Win32_Debug\ShotPathSegment.obj
C:\Ethan\Dropbox\Computer Science\ICS 462 AI for Games\Software\A3\bzflag-2.4.2\MSVC\build\bzflag_Win32_Debug\ShotStatistics.obj
C:\ETHAN\DROPBOX\COMPUTER SCIENCE\ICS 462 AI FOR GAMES\SOFTWARE\A3\BZFLAG-2.4.2\MSVC\BUILD\BZFLAG_WIN32_DEBUG\SHOTSTATS.OBJ
C:\Ethan\Dropbox\Computer Science\ICS 462 AI for Games\Software\A3\bzflag-2.4.2\MSVC\build\bzflag_Win32_Debug\ShotStatsDefaultKey.obj
C:\Ethan\Dropbox\Computer Science\ICS 462 AI for Games\Software\A3\bzflag-2.4.2\MSVC\build\bzflag_Win32_Debug\ShotStrategy.obj
C:\ETHAN\DROPBOX\COMPUTER SCIENCE\ICS 462 AI FOR GAMES\SOFTWARE\A3\BZFLAG-2.4.2\MSVC\BUILD\BZFLAG_WIN32_DEBUG\SILENCEDEFAULTKEY.OBJ
C:\Ethan\Dropbox\Computer Science\ICS 462 AI for Games\Software\A3\bzflag-2.4.2\MSVC\build\bzflag_Win32_Debug\sound.obj
C:\Ethan\Dropbox\Computer Science\ICS 462 AI for Games\Software\A3\bzflag-2.4.2\MSVC\build\bzflag_Win32_Debug\stars.obj
C:\Ethan\Dropbox\Computer Science\ICS 462 AI for Games\Software\A3\bzflag-2.4.2\MSVC\build\bzflag_Win32_Debug\TargetingUtils.obj
C:\Ethan\Dropbox\Computer Science\ICS 462 AI for Games\Software\A3\bzflag-2.4.2\MSVC\build\bzflag_Win32_Debug\TrackMarks.obj
C:\Ethan\Dropbox\Computer Science\ICS 462 AI for Games\Software\A3\bzflag-2.4.2\MSVC\build\bzflag_Win32_Debug\vc100.idb
C:\ETHAN\DROPBOX\COMPUTER SCIENCE\ICS 462 AI FOR GAMES\SOFTWARE\A3\BZFLAG-2.4.2\MSVC\BUILD\BZFLAG_WIN32_DEBUG\VC100.PDB
C:\Ethan\Dropbox\Computer Science\ICS 462 AI for Games\Software\A3\bzflag-2.4.2\MSVC\build\bzflag_Win32_Debug\Weapon.obj
C:\Ethan\Dropbox\Computer Science\ICS 462 AI for Games\Software\A3\bzflag-2.4.2\MSVC\build\bzflag_Win32_Debug\WeatherRenderer.obj
C:\Ethan\Dropbox\Computer Science\ICS 462 AI for Games\Software\A3\bzflag-2.4.2\MSVC\build\bzflag_Win32_Debug\World.obj
C:\Ethan\Dropbox\Computer Science\ICS 462 AI for Games\Software\A3\bzflag-2.4.2\MSVC\build\bzflag_Win32_Debug\WorldBuilder.obj
C:\Ethan\Dropbox\Computer Science\ICS 462 AI for Games\Software\A3\bzflag-2.4.2\MSVC\build\bzflag_Win32_Debug\WorldPlayer.obj
