C:\Ethan\Dropbox\Computer Science\ICS 462 AI for Games\Software\A3\bzflag-2.4.2\MSVC\build\./obstacle_Win32_Debug\obstacle.lib
C:\ETHAN\DROPBOX\COMPUTER SCIENCE\ICS 462 AI FOR GAMES\SOFTWARE\A3\BZFLAG-2.4.2\MSVC\BUILD\OBSTACLE_WIN32_DEBUG\ARCOBSTACLE.OBJ
C:\ETHAN\DROPBOX\COMPUTER SCIENCE\ICS 462 AI FOR GAMES\SOFTWARE\A3\BZFLAG-2.4.2\MSVC\BUILD\OBSTACLE_WIN32_DEBUG\BASEBUILDING.OBJ
C:\ETHAN\DROPBOX\COMPUTER SCIENCE\ICS 462 AI FOR GAMES\SOFTWARE\A3\BZFLAG-2.4.2\MSVC\BUILD\OBSTACLE_WIN32_DEBUG\BASESCENENODEGENERATOR.OBJ
C:\ETHAN\DROPBOX\COMPUTER SCIENCE\ICS 462 AI FOR GAMES\SOFTWARE\A3\BZFLAG-2.4.2\MSVC\BUILD\OBSTACLE_WIN32_DEBUG\BOXBUILDING.OBJ
C:\ETHAN\DROPBOX\COMPUTER SCIENCE\ICS 462 AI FOR GAMES\SOFTWARE\A3\BZFLAG-2.4.2\MSVC\BUILD\OBSTACLE_WIN32_DEBUG\BOXSCENENODEGENERATOR.OBJ
C:\Ethan\Dropbox\Computer Science\ICS 462 AI for Games\Software\A3\bzflag-2.4.2\MSVC\build\obstacle_Win32_Debug\cl.command.1.tlog
C:\Ethan\Dropbox\Computer Science\ICS 462 AI for Games\Software\A3\bzflag-2.4.2\MSVC\build\obstacle_Win32_Debug\CL.read.1.tlog
C:\Ethan\Dropbox\Computer Science\ICS 462 AI for Games\Software\A3\bzflag-2.4.2\MSVC\build\obstacle_Win32_Debug\CL.write.1.tlog
C:\ETHAN\DROPBOX\COMPUTER SCIENCE\ICS 462 AI FOR GAMES\SOFTWARE\A3\BZFLAG-2.4.2\MSVC\BUILD\OBSTACLE_WIN32_DEBUG\CONEOBSTACLE.OBJ
C:\ETHAN\DROPBOX\COMPUTER SCIENCE\ICS 462 AI FOR GAMES\SOFTWARE\A3\BZFLAG-2.4.2\MSVC\BUILD\OBSTACLE_WIN32_DEBUG\EMPTYSCENENODEGENERATOR.OBJ
C:\Ethan\Dropbox\Computer Science\ICS 462 AI for Games\Software\A3\bzflag-2.4.2\MSVC\build\obstacle_Win32_Debug\lib.command.1.tlog
C:\Ethan\Dropbox\Computer Science\ICS 462 AI for Games\Software\A3\bzflag-2.4.2\MSVC\build\obstacle_Win32_Debug\Lib-link.read.1.tlog
C:\Ethan\Dropbox\Computer Science\ICS 462 AI for Games\Software\A3\bzflag-2.4.2\MSVC\build\obstacle_Win32_Debug\Lib-link.write.1.tlog
C:\ETHAN\DROPBOX\COMPUTER SCIENCE\ICS 462 AI FOR GAMES\SOFTWARE\A3\BZFLAG-2.4.2\MSVC\BUILD\OBSTACLE_WIN32_DEBUG\MESHDRAWINFO.OBJ
C:\ETHAN\DROPBOX\COMPUTER SCIENCE\ICS 462 AI FOR GAMES\SOFTWARE\A3\BZFLAG-2.4.2\MSVC\BUILD\OBSTACLE_WIN32_DEBUG\MESHFACE.OBJ
C:\ETHAN\DROPBOX\COMPUTER SCIENCE\ICS 462 AI FOR GAMES\SOFTWARE\A3\BZFLAG-2.4.2\MSVC\BUILD\OBSTACLE_WIN32_DEBUG\MESHOBSTACLE.OBJ
C:\ETHAN\DROPBOX\COMPUTER SCIENCE\ICS 462 AI FOR GAMES\SOFTWARE\A3\BZFLAG-2.4.2\MSVC\BUILD\OBSTACLE_WIN32_DEBUG\MESHSCENENODEGENERATOR.OBJ
C:\ETHAN\DROPBOX\COMPUTER SCIENCE\ICS 462 AI FOR GAMES\SOFTWARE\A3\BZFLAG-2.4.2\MSVC\BUILD\OBSTACLE_WIN32_DEBUG\OBSTACLE.LIB
C:\ETHAN\DROPBOX\COMPUTER SCIENCE\ICS 462 AI FOR GAMES\SOFTWARE\A3\BZFLAG-2.4.2\MSVC\BUILD\OBSTACLE_WIN32_DEBUG\OBSTACLE.OBJ
C:\ETHAN\DROPBOX\COMPUTER SCIENCE\ICS 462 AI FOR GAMES\SOFTWARE\A3\BZFLAG-2.4.2\MSVC\BUILD\OBSTACLE_WIN32_DEBUG\OBSTACLELIST.OBJ
C:\ETHAN\DROPBOX\COMPUTER SCIENCE\ICS 462 AI FOR GAMES\SOFTWARE\A3\BZFLAG-2.4.2\MSVC\BUILD\OBSTACLE_WIN32_DEBUG\OBSTACLEMGR.OBJ
C:\ETHAN\DROPBOX\COMPUTER SCIENCE\ICS 462 AI FOR GAMES\SOFTWARE\A3\BZFLAG-2.4.2\MSVC\BUILD\OBSTACLE_WIN32_DEBUG\OBSTACLEMODIFIER.OBJ
C:\ETHAN\DROPBOX\COMPUTER SCIENCE\ICS 462 AI FOR GAMES\SOFTWARE\A3\BZFLAG-2.4.2\MSVC\BUILD\OBSTACLE_WIN32_DEBUG\OBSTACLESCENENODEGENERATOR.OBJ
C:\ETHAN\DROPBOX\COMPUTER SCIENCE\ICS 462 AI FOR GAMES\SOFTWARE\A3\BZFLAG-2.4.2\MSVC\BUILD\OBSTACLE_WIN32_DEBUG\PYRAMIDBUILDING.OBJ
C:\ETHAN\DROPBOX\COMPUTER SCIENCE\ICS 462 AI FOR GAMES\SOFTWARE\A3\BZFLAG-2.4.2\MSVC\BUILD\OBSTACLE_WIN32_DEBUG\PYRAMIDSCENENODEGENERATOR.OBJ
C:\ETHAN\DROPBOX\COMPUTER SCIENCE\ICS 462 AI FOR GAMES\SOFTWARE\A3\BZFLAG-2.4.2\MSVC\BUILD\OBSTACLE_WIN32_DEBUG\SPHEREOBSTACLE.OBJ
C:\ETHAN\DROPBOX\COMPUTER SCIENCE\ICS 462 AI FOR GAMES\SOFTWARE\A3\BZFLAG-2.4.2\MSVC\BUILD\OBSTACLE_WIN32_DEBUG\TELEPORTER.OBJ
C:\ETHAN\DROPBOX\COMPUTER SCIENCE\ICS 462 AI FOR GAMES\SOFTWARE\A3\BZFLAG-2.4.2\MSVC\BUILD\OBSTACLE_WIN32_DEBUG\TELEPORTERSCENENODEGENERATOR.OBJ
C:\ETHAN\DROPBOX\COMPUTER SCIENCE\ICS 462 AI FOR GAMES\SOFTWARE\A3\BZFLAG-2.4.2\MSVC\BUILD\OBSTACLE_WIN32_DEBUG\TETRABUILDING.OBJ
C:\ETHAN\DROPBOX\COMPUTER SCIENCE\ICS 462 AI FOR GAMES\SOFTWARE\A3\BZFLAG-2.4.2\MSVC\BUILD\OBSTACLE_WIN32_DEBUG\TRIANGULATE.OBJ
C:\Ethan\Dropbox\Computer Science\ICS 462 AI for Games\Software\A3\bzflag-2.4.2\MSVC\build\obstacle_Win32_Debug\vc100.idb
C:\ETHAN\DROPBOX\COMPUTER SCIENCE\ICS 462 AI FOR GAMES\SOFTWARE\A3\BZFLAG-2.4.2\MSVC\BUILD\OBSTACLE_WIN32_DEBUG\VC100.PDB
C:\ETHAN\DROPBOX\COMPUTER SCIENCE\ICS 462 AI FOR GAMES\SOFTWARE\A3\BZFLAG-2.4.2\MSVC\BUILD\OBSTACLE_WIN32_DEBUG\WALLOBSTACLE.OBJ
C:\ETHAN\DROPBOX\COMPUTER SCIENCE\ICS 462 AI FOR GAMES\SOFTWARE\A3\BZFLAG-2.4.2\MSVC\BUILD\OBSTACLE_WIN32_DEBUG\WALLSCENENODEGENERATOR.OBJ
