C:\Ethan\Dropbox\Computer Science\ICS 462 AI for Games\Software\A3\bzflag-2.4.2\MSVC\build\./geometry_Win32_Debug\geometry.lib
C:\ETHAN\DROPBOX\COMPUTER SCIENCE\ICS 462 AI FOR GAMES\SOFTWARE\A3\BZFLAG-2.4.2\MSVC\BUILD\GEOMETRY_WIN32_DEBUG\ANIMATEDTREADS.OBJ
C:\ETHAN\DROPBOX\COMPUTER SCIENCE\ICS 462 AI FOR GAMES\SOFTWARE\A3\BZFLAG-2.4.2\MSVC\BUILD\GEOMETRY_WIN32_DEBUG\BILLBOARDSCENENODE.OBJ
C:\ETHAN\DROPBOX\COMPUTER SCIENCE\ICS 462 AI FOR GAMES\SOFTWARE\A3\BZFLAG-2.4.2\MSVC\BUILD\GEOMETRY_WIN32_DEBUG\BOLTSCENENODE.OBJ
C:\Ethan\Dropbox\Computer Science\ICS 462 AI for Games\Software\A3\bzflag-2.4.2\MSVC\build\geometry_Win32_Debug\cl.command.1.tlog
C:\Ethan\Dropbox\Computer Science\ICS 462 AI for Games\Software\A3\bzflag-2.4.2\MSVC\build\geometry_Win32_Debug\CL.read.1.tlog
C:\Ethan\Dropbox\Computer Science\ICS 462 AI for Games\Software\A3\bzflag-2.4.2\MSVC\build\geometry_Win32_Debug\CL.write.1.tlog
C:\ETHAN\DROPBOX\COMPUTER SCIENCE\ICS 462 AI FOR GAMES\SOFTWARE\A3\BZFLAG-2.4.2\MSVC\BUILD\GEOMETRY_WIN32_DEBUG\EIGHTHDBASESCENENODE.OBJ
C:\ETHAN\DROPBOX\COMPUTER SCIENCE\ICS 462 AI FOR GAMES\SOFTWARE\A3\BZFLAG-2.4.2\MSVC\BUILD\GEOMETRY_WIN32_DEBUG\EIGHTHDBOXSCENENODE.OBJ
C:\ETHAN\DROPBOX\COMPUTER SCIENCE\ICS 462 AI FOR GAMES\SOFTWARE\A3\BZFLAG-2.4.2\MSVC\BUILD\GEOMETRY_WIN32_DEBUG\EIGHTHDIMSCENENODE.OBJ
C:\ETHAN\DROPBOX\COMPUTER SCIENCE\ICS 462 AI FOR GAMES\SOFTWARE\A3\BZFLAG-2.4.2\MSVC\BUILD\GEOMETRY_WIN32_DEBUG\EIGHTHDIMSHELLNODE.OBJ
C:\ETHAN\DROPBOX\COMPUTER SCIENCE\ICS 462 AI FOR GAMES\SOFTWARE\A3\BZFLAG-2.4.2\MSVC\BUILD\GEOMETRY_WIN32_DEBUG\EIGHTHDPYRSCENENODE.OBJ
C:\ETHAN\DROPBOX\COMPUTER SCIENCE\ICS 462 AI FOR GAMES\SOFTWARE\A3\BZFLAG-2.4.2\MSVC\BUILD\GEOMETRY_WIN32_DEBUG\FLAGSCENENODE.OBJ
C:\ETHAN\DROPBOX\COMPUTER SCIENCE\ICS 462 AI FOR GAMES\SOFTWARE\A3\BZFLAG-2.4.2\MSVC\BUILD\GEOMETRY_WIN32_DEBUG\FLAGWARPSCENENODE.OBJ
C:\ETHAN\DROPBOX\COMPUTER SCIENCE\ICS 462 AI FOR GAMES\SOFTWARE\A3\BZFLAG-2.4.2\MSVC\BUILD\GEOMETRY_WIN32_DEBUG\GEOMETRY.LIB
C:\ETHAN\DROPBOX\COMPUTER SCIENCE\ICS 462 AI FOR GAMES\SOFTWARE\A3\BZFLAG-2.4.2\MSVC\BUILD\GEOMETRY_WIN32_DEBUG\HIGH_BARREL.OBJ
C:\ETHAN\DROPBOX\COMPUTER SCIENCE\ICS 462 AI FOR GAMES\SOFTWARE\A3\BZFLAG-2.4.2\MSVC\BUILD\GEOMETRY_WIN32_DEBUG\HIGH_BODY.OBJ
C:\ETHAN\DROPBOX\COMPUTER SCIENCE\ICS 462 AI FOR GAMES\SOFTWARE\A3\BZFLAG-2.4.2\MSVC\BUILD\GEOMETRY_WIN32_DEBUG\HIGH_LTREAD.OBJ
C:\ETHAN\DROPBOX\COMPUTER SCIENCE\ICS 462 AI FOR GAMES\SOFTWARE\A3\BZFLAG-2.4.2\MSVC\BUILD\GEOMETRY_WIN32_DEBUG\HIGH_RTREAD.OBJ
C:\ETHAN\DROPBOX\COMPUTER SCIENCE\ICS 462 AI FOR GAMES\SOFTWARE\A3\BZFLAG-2.4.2\MSVC\BUILD\GEOMETRY_WIN32_DEBUG\HIGH_TURRET.OBJ
C:\ETHAN\DROPBOX\COMPUTER SCIENCE\ICS 462 AI FOR GAMES\SOFTWARE\A3\BZFLAG-2.4.2\MSVC\BUILD\GEOMETRY_WIN32_DEBUG\LASERSCENENODE.OBJ
C:\Ethan\Dropbox\Computer Science\ICS 462 AI for Games\Software\A3\bzflag-2.4.2\MSVC\build\geometry_Win32_Debug\lib.command.1.tlog
C:\Ethan\Dropbox\Computer Science\ICS 462 AI for Games\Software\A3\bzflag-2.4.2\MSVC\build\geometry_Win32_Debug\Lib-link.read.1.tlog
C:\Ethan\Dropbox\Computer Science\ICS 462 AI for Games\Software\A3\bzflag-2.4.2\MSVC\build\geometry_Win32_Debug\Lib-link.write.1.tlog
C:\ETHAN\DROPBOX\COMPUTER SCIENCE\ICS 462 AI FOR GAMES\SOFTWARE\A3\BZFLAG-2.4.2\MSVC\BUILD\GEOMETRY_WIN32_DEBUG\LOW_BARREL.OBJ
C:\ETHAN\DROPBOX\COMPUTER SCIENCE\ICS 462 AI FOR GAMES\SOFTWARE\A3\BZFLAG-2.4.2\MSVC\BUILD\GEOMETRY_WIN32_DEBUG\LOW_BODY.OBJ
C:\ETHAN\DROPBOX\COMPUTER SCIENCE\ICS 462 AI FOR GAMES\SOFTWARE\A3\BZFLAG-2.4.2\MSVC\BUILD\GEOMETRY_WIN32_DEBUG\LOW_LTREAD.OBJ
C:\ETHAN\DROPBOX\COMPUTER SCIENCE\ICS 462 AI FOR GAMES\SOFTWARE\A3\BZFLAG-2.4.2\MSVC\BUILD\GEOMETRY_WIN32_DEBUG\LOW_RTREAD.OBJ
C:\ETHAN\DROPBOX\COMPUTER SCIENCE\ICS 462 AI FOR GAMES\SOFTWARE\A3\BZFLAG-2.4.2\MSVC\BUILD\GEOMETRY_WIN32_DEBUG\LOW_TURRET.OBJ
C:\ETHAN\DROPBOX\COMPUTER SCIENCE\ICS 462 AI FOR GAMES\SOFTWARE\A3\BZFLAG-2.4.2\MSVC\BUILD\GEOMETRY_WIN32_DEBUG\MEDIUM_BARREL.OBJ
C:\ETHAN\DROPBOX\COMPUTER SCIENCE\ICS 462 AI FOR GAMES\SOFTWARE\A3\BZFLAG-2.4.2\MSVC\BUILD\GEOMETRY_WIN32_DEBUG\MEDIUM_BODY.OBJ
C:\ETHAN\DROPBOX\COMPUTER SCIENCE\ICS 462 AI FOR GAMES\SOFTWARE\A3\BZFLAG-2.4.2\MSVC\BUILD\GEOMETRY_WIN32_DEBUG\MEDIUM_LTREAD.OBJ
C:\ETHAN\DROPBOX\COMPUTER SCIENCE\ICS 462 AI FOR GAMES\SOFTWARE\A3\BZFLAG-2.4.2\MSVC\BUILD\GEOMETRY_WIN32_DEBUG\MEDIUM_RTREAD.OBJ
C:\ETHAN\DROPBOX\COMPUTER SCIENCE\ICS 462 AI FOR GAMES\SOFTWARE\A3\BZFLAG-2.4.2\MSVC\BUILD\GEOMETRY_WIN32_DEBUG\MEDIUM_TURRET.OBJ
C:\ETHAN\DROPBOX\COMPUTER SCIENCE\ICS 462 AI FOR GAMES\SOFTWARE\A3\BZFLAG-2.4.2\MSVC\BUILD\GEOMETRY_WIN32_DEBUG\MESHDRAWMGR.OBJ
C:\ETHAN\DROPBOX\COMPUTER SCIENCE\ICS 462 AI FOR GAMES\SOFTWARE\A3\BZFLAG-2.4.2\MSVC\BUILD\GEOMETRY_WIN32_DEBUG\MESHFRAGSCENENODE.OBJ
C:\ETHAN\DROPBOX\COMPUTER SCIENCE\ICS 462 AI FOR GAMES\SOFTWARE\A3\BZFLAG-2.4.2\MSVC\BUILD\GEOMETRY_WIN32_DEBUG\MESHPOLYSCENENODE.OBJ
C:\ETHAN\DROPBOX\COMPUTER SCIENCE\ICS 462 AI FOR GAMES\SOFTWARE\A3\BZFLAG-2.4.2\MSVC\BUILD\GEOMETRY_WIN32_DEBUG\MESHRENDERNODE.OBJ
C:\ETHAN\DROPBOX\COMPUTER SCIENCE\ICS 462 AI FOR GAMES\SOFTWARE\A3\BZFLAG-2.4.2\MSVC\BUILD\GEOMETRY_WIN32_DEBUG\MESHSCENENODE.OBJ
C:\ETHAN\DROPBOX\COMPUTER SCIENCE\ICS 462 AI FOR GAMES\SOFTWARE\A3\BZFLAG-2.4.2\MSVC\BUILD\GEOMETRY_WIN32_DEBUG\OCCLUDERSCENENODE.OBJ
C:\ETHAN\DROPBOX\COMPUTER SCIENCE\ICS 462 AI FOR GAMES\SOFTWARE\A3\BZFLAG-2.4.2\MSVC\BUILD\GEOMETRY_WIN32_DEBUG\POLYWALLSCENENODE.OBJ
C:\ETHAN\DROPBOX\COMPUTER SCIENCE\ICS 462 AI FOR GAMES\SOFTWARE\A3\BZFLAG-2.4.2\MSVC\BUILD\GEOMETRY_WIN32_DEBUG\PTSCENENODE.OBJ
C:\ETHAN\DROPBOX\COMPUTER SCIENCE\ICS 462 AI FOR GAMES\SOFTWARE\A3\BZFLAG-2.4.2\MSVC\BUILD\GEOMETRY_WIN32_DEBUG\QUADWALLSCENENODE.OBJ
C:\ETHAN\DROPBOX\COMPUTER SCIENCE\ICS 462 AI FOR GAMES\SOFTWARE\A3\BZFLAG-2.4.2\MSVC\BUILD\GEOMETRY_WIN32_DEBUG\SCENENODE.OBJ
C:\ETHAN\DROPBOX\COMPUTER SCIENCE\ICS 462 AI FOR GAMES\SOFTWARE\A3\BZFLAG-2.4.2\MSVC\BUILD\GEOMETRY_WIN32_DEBUG\SHELLSCENENODE.OBJ
C:\ETHAN\DROPBOX\COMPUTER SCIENCE\ICS 462 AI FOR GAMES\SOFTWARE\A3\BZFLAG-2.4.2\MSVC\BUILD\GEOMETRY_WIN32_DEBUG\SPHERESCENENODE.OBJ
C:\ETHAN\DROPBOX\COMPUTER SCIENCE\ICS 462 AI FOR GAMES\SOFTWARE\A3\BZFLAG-2.4.2\MSVC\BUILD\GEOMETRY_WIN32_DEBUG\TANKGEOMETRYMGR.OBJ
C:\ETHAN\DROPBOX\COMPUTER SCIENCE\ICS 462 AI FOR GAMES\SOFTWARE\A3\BZFLAG-2.4.2\MSVC\BUILD\GEOMETRY_WIN32_DEBUG\TANKSCENENODE.OBJ
C:\ETHAN\DROPBOX\COMPUTER SCIENCE\ICS 462 AI FOR GAMES\SOFTWARE\A3\BZFLAG-2.4.2\MSVC\BUILD\GEOMETRY_WIN32_DEBUG\TRACERSCENENODE.OBJ
C:\ETHAN\DROPBOX\COMPUTER SCIENCE\ICS 462 AI FOR GAMES\SOFTWARE\A3\BZFLAG-2.4.2\MSVC\BUILD\GEOMETRY_WIN32_DEBUG\TRIWALLSCENENODE.OBJ
C:\Ethan\Dropbox\Computer Science\ICS 462 AI for Games\Software\A3\bzflag-2.4.2\MSVC\build\geometry_Win32_Debug\vc100.idb
C:\ETHAN\DROPBOX\COMPUTER SCIENCE\ICS 462 AI FOR GAMES\SOFTWARE\A3\BZFLAG-2.4.2\MSVC\BUILD\GEOMETRY_WIN32_DEBUG\VC100.PDB
C:\ETHAN\DROPBOX\COMPUTER SCIENCE\ICS 462 AI FOR GAMES\SOFTWARE\A3\BZFLAG-2.4.2\MSVC\BUILD\GEOMETRY_WIN32_DEBUG\VIEWFRUSTUM.OBJ
C:\ETHAN\DROPBOX\COMPUTER SCIENCE\ICS 462 AI FOR GAMES\SOFTWARE\A3\BZFLAG-2.4.2\MSVC\BUILD\GEOMETRY_WIN32_DEBUG\WALLSCENENODE.OBJ
