C:\Ethan\Dropbox\Computer Science\ICS 462 AI for Games\Software\A3\bzflag-2.4.2\MSVC\build\./common_Win32_Debug\common.lib
C:\ETHAN\DROPBOX\COMPUTER SCIENCE\ICS 462 AI FOR GAMES\SOFTWARE\A3\BZFLAG-2.4.2\MSVC\BUILD\COMMON_WIN32_DEBUG\ACCESSLIST.OBJ
C:\ETHAN\DROPBOX\COMPUTER SCIENCE\ICS 462 AI FOR GAMES\SOFTWARE\A3\BZFLAG-2.4.2\MSVC\BUILD\COMMON_WIN32_DEBUG\AUTOCOMPLETER.OBJ
C:\ETHAN\DROPBOX\COMPUTER SCIENCE\ICS 462 AI FOR GAMES\SOFTWARE\A3\BZFLAG-2.4.2\MSVC\BUILD\COMMON_WIN32_DEBUG\BUNDLE.OBJ
C:\ETHAN\DROPBOX\COMPUTER SCIENCE\ICS 462 AI FOR GAMES\SOFTWARE\A3\BZFLAG-2.4.2\MSVC\BUILD\COMMON_WIN32_DEBUG\BUNDLEMGR.OBJ
C:\ETHAN\DROPBOX\COMPUTER SCIENCE\ICS 462 AI FOR GAMES\SOFTWARE\A3\BZFLAG-2.4.2\MSVC\BUILD\COMMON_WIN32_DEBUG\BZ_LOCALE.OBJ
C:\ETHAN\DROPBOX\COMPUTER SCIENCE\ICS 462 AI FOR GAMES\SOFTWARE\A3\BZFLAG-2.4.2\MSVC\BUILD\COMMON_WIN32_DEBUG\BZDBCACHE.OBJ
C:\ETHAN\DROPBOX\COMPUTER SCIENCE\ICS 462 AI FOR GAMES\SOFTWARE\A3\BZFLAG-2.4.2\MSVC\BUILD\COMMON_WIN32_DEBUG\BZFIO.OBJ
C:\ETHAN\DROPBOX\COMPUTER SCIENCE\ICS 462 AI FOR GAMES\SOFTWARE\A3\BZFLAG-2.4.2\MSVC\BUILD\COMMON_WIN32_DEBUG\BZGLOB.OBJ
C:\ETHAN\DROPBOX\COMPUTER SCIENCE\ICS 462 AI FOR GAMES\SOFTWARE\A3\BZFLAG-2.4.2\MSVC\BUILD\COMMON_WIN32_DEBUG\BZPNG.OBJ
C:\ETHAN\DROPBOX\COMPUTER SCIENCE\ICS 462 AI FOR GAMES\SOFTWARE\A3\BZFLAG-2.4.2\MSVC\BUILD\COMMON_WIN32_DEBUG\BZSIGNAL.OBJ
C:\Ethan\Dropbox\Computer Science\ICS 462 AI for Games\Software\A3\bzflag-2.4.2\MSVC\build\common_Win32_Debug\cl.command.1.tlog
C:\Ethan\Dropbox\Computer Science\ICS 462 AI for Games\Software\A3\bzflag-2.4.2\MSVC\build\common_Win32_Debug\CL.read.1.tlog
C:\Ethan\Dropbox\Computer Science\ICS 462 AI for Games\Software\A3\bzflag-2.4.2\MSVC\build\common_Win32_Debug\CL.write.1.tlog
C:\ETHAN\DROPBOX\COMPUTER SCIENCE\ICS 462 AI FOR GAMES\SOFTWARE\A3\BZFLAG-2.4.2\MSVC\BUILD\COMMON_WIN32_DEBUG\COMMANDMANAGER.OBJ
C:\ETHAN\DROPBOX\COMPUTER SCIENCE\ICS 462 AI FOR GAMES\SOFTWARE\A3\BZFLAG-2.4.2\MSVC\BUILD\COMMON_WIN32_DEBUG\COMMON.LIB
C:\Ethan\Dropbox\Computer Science\ICS 462 AI for Games\Software\A3\bzflag-2.4.2\MSVC\build\common_Win32_Debug\common.write.1.tlog
C:\ETHAN\DROPBOX\COMPUTER SCIENCE\ICS 462 AI FOR GAMES\SOFTWARE\A3\BZFLAG-2.4.2\MSVC\BUILD\COMMON_WIN32_DEBUG\CONFIGFILEMANAGER.OBJ
C:\ETHAN\DROPBOX\COMPUTER SCIENCE\ICS 462 AI FOR GAMES\SOFTWARE\A3\BZFLAG-2.4.2\MSVC\BUILD\COMMON_WIN32_DEBUG\COUNTRY.OBJ
C:\ETHAN\DROPBOX\COMPUTER SCIENCE\ICS 462 AI FOR GAMES\SOFTWARE\A3\BZFLAG-2.4.2\MSVC\BUILD\COMMON_WIN32_DEBUG\CURLMANAGER.OBJ
C:\ETHAN\DROPBOX\COMPUTER SCIENCE\ICS 462 AI FOR GAMES\SOFTWARE\A3\BZFLAG-2.4.2\MSVC\BUILD\COMMON_WIN32_DEBUG\ERRORHANDLER.OBJ
C:\ETHAN\DROPBOX\COMPUTER SCIENCE\ICS 462 AI FOR GAMES\SOFTWARE\A3\BZFLAG-2.4.2\MSVC\BUILD\COMMON_WIN32_DEBUG\FILEMANAGER.OBJ
C:\ETHAN\DROPBOX\COMPUTER SCIENCE\ICS 462 AI FOR GAMES\SOFTWARE\A3\BZFLAG-2.4.2\MSVC\BUILD\COMMON_WIN32_DEBUG\FLAG.OBJ
C:\ETHAN\DROPBOX\COMPUTER SCIENCE\ICS 462 AI FOR GAMES\SOFTWARE\A3\BZFLAG-2.4.2\MSVC\BUILD\COMMON_WIN32_DEBUG\GAMETIME.OBJ
C:\ETHAN\DROPBOX\COMPUTER SCIENCE\ICS 462 AI FOR GAMES\SOFTWARE\A3\BZFLAG-2.4.2\MSVC\BUILD\COMMON_WIN32_DEBUG\GLOBAL.OBJ
C:\ETHAN\DROPBOX\COMPUTER SCIENCE\ICS 462 AI FOR GAMES\SOFTWARE\A3\BZFLAG-2.4.2\MSVC\BUILD\COMMON_WIN32_DEBUG\KEYMANAGER.OBJ
C:\ETHAN\DROPBOX\COMPUTER SCIENCE\ICS 462 AI FOR GAMES\SOFTWARE\A3\BZFLAG-2.4.2\MSVC\BUILD\COMMON_WIN32_DEBUG\LANGUAGE.OBJ
C:\Ethan\Dropbox\Computer Science\ICS 462 AI for Games\Software\A3\bzflag-2.4.2\MSVC\build\common_Win32_Debug\lib.command.1.tlog
C:\Ethan\Dropbox\Computer Science\ICS 462 AI for Games\Software\A3\bzflag-2.4.2\MSVC\build\common_Win32_Debug\Lib-link.read.1.tlog
C:\Ethan\Dropbox\Computer Science\ICS 462 AI for Games\Software\A3\bzflag-2.4.2\MSVC\build\common_Win32_Debug\Lib-link.write.1.tlog
C:\ETHAN\DROPBOX\COMPUTER SCIENCE\ICS 462 AI FOR GAMES\SOFTWARE\A3\BZFLAG-2.4.2\MSVC\BUILD\COMMON_WIN32_DEBUG\MD5.OBJ
C:\ETHAN\DROPBOX\COMPUTER SCIENCE\ICS 462 AI FOR GAMES\SOFTWARE\A3\BZFLAG-2.4.2\MSVC\BUILD\COMMON_WIN32_DEBUG\MESSAGES.OBJ
C:\ETHAN\DROPBOX\COMPUTER SCIENCE\ICS 462 AI FOR GAMES\SOFTWARE\A3\BZFLAG-2.4.2\MSVC\BUILD\COMMON_WIN32_DEBUG\OSFILE.OBJ
C:\ETHAN\DROPBOX\COMPUTER SCIENCE\ICS 462 AI FOR GAMES\SOFTWARE\A3\BZFLAG-2.4.2\MSVC\BUILD\COMMON_WIN32_DEBUG\PARSECOLOR.OBJ
C:\ETHAN\DROPBOX\COMPUTER SCIENCE\ICS 462 AI FOR GAMES\SOFTWARE\A3\BZFLAG-2.4.2\MSVC\BUILD\COMMON_WIN32_DEBUG\PLAYERSTATE.OBJ
C:\ETHAN\DROPBOX\COMPUTER SCIENCE\ICS 462 AI FOR GAMES\SOFTWARE\A3\BZFLAG-2.4.2\MSVC\BUILD\COMMON_WIN32_DEBUG\POSITIONTRACKER.OBJ
C:\ETHAN\DROPBOX\COMPUTER SCIENCE\ICS 462 AI FOR GAMES\SOFTWARE\A3\BZFLAG-2.4.2\MSVC\BUILD\COMMON_WIN32_DEBUG\SHOTUPDATE.OBJ
C:\ETHAN\DROPBOX\COMPUTER SCIENCE\ICS 462 AI FOR GAMES\SOFTWARE\A3\BZFLAG-2.4.2\MSVC\BUILD\COMMON_WIN32_DEBUG\STATEDATABASE.OBJ
C:\ETHAN\DROPBOX\COMPUTER SCIENCE\ICS 462 AI FOR GAMES\SOFTWARE\A3\BZFLAG-2.4.2\MSVC\BUILD\COMMON_WIN32_DEBUG\TEAM.OBJ
C:\ETHAN\DROPBOX\COMPUTER SCIENCE\ICS 462 AI FOR GAMES\SOFTWARE\A3\BZFLAG-2.4.2\MSVC\BUILD\COMMON_WIN32_DEBUG\TEXTCHUNKMANAGER.OBJ
C:\ETHAN\DROPBOX\COMPUTER SCIENCE\ICS 462 AI FOR GAMES\SOFTWARE\A3\BZFLAG-2.4.2\MSVC\BUILD\COMMON_WIN32_DEBUG\TEXTUTILS.OBJ
C:\ETHAN\DROPBOX\COMPUTER SCIENCE\ICS 462 AI FOR GAMES\SOFTWARE\A3\BZFLAG-2.4.2\MSVC\BUILD\COMMON_WIN32_DEBUG\TIMEBOMB.OBJ
C:\ETHAN\DROPBOX\COMPUTER SCIENCE\ICS 462 AI FOR GAMES\SOFTWARE\A3\BZFLAG-2.4.2\MSVC\BUILD\COMMON_WIN32_DEBUG\TIMEKEEPER.OBJ
C:\Ethan\Dropbox\Computer Science\ICS 462 AI for Games\Software\A3\bzflag-2.4.2\MSVC\build\common_Win32_Debug\vc100.idb
C:\ETHAN\DROPBOX\COMPUTER SCIENCE\ICS 462 AI FOR GAMES\SOFTWARE\A3\BZFLAG-2.4.2\MSVC\BUILD\COMMON_WIN32_DEBUG\VC100.PDB
C:\ETHAN\DROPBOX\COMPUTER SCIENCE\ICS 462 AI FOR GAMES\SOFTWARE\A3\BZFLAG-2.4.2\MSVC\BUILD\COMMON_WIN32_DEBUG\VOTINGBOOTH.OBJ
C:\ETHAN\DROPBOX\COMPUTER SCIENCE\ICS 462 AI FOR GAMES\SOFTWARE\A3\BZFLAG-2.4.2\MSVC\BUILD\COMMON_WIN32_DEBUG\WORDFILTER.OBJ
